[0.005s] Invoking command in '/home/blueboat_slam/ros2_ws/build/rviz': CMAKE_PREFIX_PATH=${CMAKE_PREFIX_PATH}:/opt/ros/humble /usr/bin/cmake /home/blueboat_slam/ros2_ws/src/rviz -DCMAKE_INSTALL_PREFIX=/home/blueboat_slam/ros2_ws/install/rviz
[0.041s] -- The C compiler identification is GNU 11.4.0
[0.071s] -- The CXX compiler identification is GNU 11.4.0
[0.074s] -- Detecting C compiler ABI info
[0.113s] -- Detecting C compiler ABI info - done
[0.116s] -- Check for working C compiler: /usr/bin/cc - skipped
[0.116s] -- Detecting C compile features
[0.117s] -- Detecting C compile features - done
[0.118s] -- Detecting CXX compiler ABI info
[0.161s] -- Detecting CXX compiler ABI info - done
[0.166s] -- Check for working CXX compiler: /usr/bin/c++ - skipped
[0.166s] -- Detecting CXX compile features
[0.166s] -- Detecting CXX compile features - done
[0.168s] -- Found ament_cmake: 1.3.9 (/opt/ros/humble/share/ament_cmake/cmake)
[0.348s] -- Found Python3: /usr/bin/python3 (found version "3.10.12") found components: Interpreter 
[0.405s] -- Found ament_lint_auto: 0.12.11 (/opt/ros/humble/share/ament_lint_auto/cmake)
[0.451s] -- Added test 'lint_cmake' to check CMake code style
[0.451s] -- Added test 'xmllint' to check XML markup files
[0.452s] -- Configuring done
[0.453s] -- Generating done
[0.454s] -- Build files have been written to: /home/blueboat_slam/ros2_ws/build/rviz
[0.457s] Invoked command in '/home/blueboat_slam/ros2_ws/build/rviz' returned '0': CMAKE_PREFIX_PATH=${CMAKE_PREFIX_PATH}:/opt/ros/humble /usr/bin/cmake /home/blueboat_slam/ros2_ws/src/rviz -DCMAKE_INSTALL_PREFIX=/home/blueboat_slam/ros2_ws/install/rviz
[0.457s] Invoking command in '/home/blueboat_slam/ros2_ws/build/rviz': CMAKE_PREFIX_PATH=${CMAKE_PREFIX_PATH}:/opt/ros/humble /usr/bin/cmake --build /home/blueboat_slam/ros2_ws/build/rviz -- -j32 -l32
[0.478s] Invoked command in '/home/blueboat_slam/ros2_ws/build/rviz' returned '0': CMAKE_PREFIX_PATH=${CMAKE_PREFIX_PATH}:/opt/ros/humble /usr/bin/cmake --build /home/blueboat_slam/ros2_ws/build/rviz -- -j32 -l32
[0.495s] Invoking command in '/home/blueboat_slam/ros2_ws/build/rviz': CMAKE_PREFIX_PATH=${CMAKE_PREFIX_PATH}:/opt/ros/humble /usr/bin/cmake --install /home/blueboat_slam/ros2_ws/build/rviz
[0.498s] -- Install configuration: ""
[0.498s] -- Installing: /home/blueboat_slam/ros2_ws/install/rviz/share/ament_index/resource_index/package_run_dependencies/rviz
[0.499s] -- Installing: /home/blueboat_slam/ros2_ws/install/rviz/share/ament_index/resource_index/parent_prefix_path/rviz
[0.499s] -- Installing: /home/blueboat_slam/ros2_ws/install/rviz/share/rviz/environment/ament_prefix_path.sh
[0.499s] -- Installing: /home/blueboat_slam/ros2_ws/install/rviz/share/rviz/environment/ament_prefix_path.dsv
[0.499s] -- Installing: /home/blueboat_slam/ros2_ws/install/rviz/share/rviz/environment/path.sh
[0.499s] -- Installing: /home/blueboat_slam/ros2_ws/install/rviz/share/rviz/environment/path.dsv
[0.499s] -- Installing: /home/blueboat_slam/ros2_ws/install/rviz/share/rviz/local_setup.bash
[0.499s] -- Installing: /home/blueboat_slam/ros2_ws/install/rviz/share/rviz/local_setup.sh
[0.499s] -- Installing: /home/blueboat_slam/ros2_ws/install/rviz/share/rviz/local_setup.zsh
[0.499s] -- Installing: /home/blueboat_slam/ros2_ws/install/rviz/share/rviz/local_setup.dsv
[0.499s] -- Installing: /home/blueboat_slam/ros2_ws/install/rviz/share/rviz/package.dsv
[0.499s] -- Installing: /home/blueboat_slam/ros2_ws/install/rviz/share/ament_index/resource_index/packages/rviz
[0.499s] -- Installing: /home/blueboat_slam/ros2_ws/install/rviz/share/rviz/cmake/rvizConfig.cmake
[0.499s] -- Installing: /home/blueboat_slam/ros2_ws/install/rviz/share/rviz/cmake/rvizConfig-version.cmake
[0.499s] -- Installing: /home/blueboat_slam/ros2_ws/install/rviz/share/rviz/package.xml
[0.500s] Invoked command in '/home/blueboat_slam/ros2_ws/build/rviz' returned '0': CMAKE_PREFIX_PATH=${CMAKE_PREFIX_PATH}:/opt/ros/humble /usr/bin/cmake --install /home/blueboat_slam/ros2_ws/build/rviz
