[0.006s] Invoking command in '/home/blueboat_slam/ros2_ws/build/robot_description': CMAKE_PREFIX_PATH=${CMAKE_PREFIX_PATH}:/opt/ros/humble /usr/bin/cmake /home/blueboat_slam/ros2_ws/src/robot_description -DCMAKE_INSTALL_PREFIX=/home/blueboat_slam/ros2_ws/install/robot_description
[0.044s] -- The C compiler identification is GNU 11.4.0
[0.070s] -- The CXX compiler identification is GNU 11.4.0
[0.073s] -- Detecting C compiler ABI info
[0.114s] -- Detecting C compiler ABI info - done
[0.117s] -- Check for working C compiler: /usr/bin/cc - skipped
[0.117s] -- Detecting C compile features
[0.117s] -- Detecting C compile features - done
[0.119s] -- Detecting CXX compiler ABI info
[0.166s] -- Detecting CXX compiler ABI info - done
[0.169s] -- Check for working CXX compiler: /usr/bin/c++ - skipped
[0.169s] -- Detecting CXX compile features
[0.169s] -- Detecting CXX compile features - done
[0.171s] -- Found ament_cmake: 1.3.9 (/opt/ros/humble/share/ament_cmake/cmake)
[0.356s] -- Found Python3: /usr/bin/python3 (found version "3.10.12") found components: Interpreter 
[0.419s] -- Found ament_lint_auto: 0.12.11 (/opt/ros/humble/share/ament_lint_auto/cmake)
[0.470s] -- Added test 'lint_cmake' to check CMake code style
[0.471s] -- Added test 'xmllint' to check XML markup files
[0.471s] -- Configuring done
[0.473s] -- Generating done
[0.473s] -- Build files have been written to: /home/blueboat_slam/ros2_ws/build/robot_description
[0.476s] Invoked command in '/home/blueboat_slam/ros2_ws/build/robot_description' returned '0': CMAKE_PREFIX_PATH=${CMAKE_PREFIX_PATH}:/opt/ros/humble /usr/bin/cmake /home/blueboat_slam/ros2_ws/src/robot_description -DCMAKE_INSTALL_PREFIX=/home/blueboat_slam/ros2_ws/install/robot_description
[0.476s] Invoking command in '/home/blueboat_slam/ros2_ws/build/robot_description': CMAKE_PREFIX_PATH=${CMAKE_PREFIX_PATH}:/opt/ros/humble /usr/bin/cmake --build /home/blueboat_slam/ros2_ws/build/robot_description -- -j32 -l32
[0.499s] Invoked command in '/home/blueboat_slam/ros2_ws/build/robot_description' returned '0': CMAKE_PREFIX_PATH=${CMAKE_PREFIX_PATH}:/opt/ros/humble /usr/bin/cmake --build /home/blueboat_slam/ros2_ws/build/robot_description -- -j32 -l32
[0.512s] Invoking command in '/home/blueboat_slam/ros2_ws/build/robot_description': CMAKE_PREFIX_PATH=${CMAKE_PREFIX_PATH}:/opt/ros/humble /usr/bin/cmake --install /home/blueboat_slam/ros2_ws/build/robot_description
[0.516s] -- Install configuration: ""
[0.516s] -- Installing: /home/blueboat_slam/ros2_ws/install/robot_description/share/ament_index/resource_index/package_run_dependencies/robot_description
[0.516s] -- Installing: /home/blueboat_slam/ros2_ws/install/robot_description/share/ament_index/resource_index/parent_prefix_path/robot_description
[0.516s] -- Installing: /home/blueboat_slam/ros2_ws/install/robot_description/share/robot_description/environment/ament_prefix_path.sh
[0.517s] -- Installing: /home/blueboat_slam/ros2_ws/install/robot_description/share/robot_description/environment/ament_prefix_path.dsv
[0.517s] -- Installing: /home/blueboat_slam/ros2_ws/install/robot_description/share/robot_description/environment/path.sh
[0.517s] -- Installing: /home/blueboat_slam/ros2_ws/install/robot_description/share/robot_description/environment/path.dsv
[0.517s] -- Installing: /home/blueboat_slam/ros2_ws/install/robot_description/share/robot_description/local_setup.bash
[0.517s] -- Installing: /home/blueboat_slam/ros2_ws/install/robot_description/share/robot_description/local_setup.sh
[0.517s] -- Installing: /home/blueboat_slam/ros2_ws/install/robot_description/share/robot_description/local_setup.zsh
[0.517s] -- Installing: /home/blueboat_slam/ros2_ws/install/robot_description/share/robot_description/local_setup.dsv
[0.517s] -- Installing: /home/blueboat_slam/ros2_ws/install/robot_description/share/robot_description/package.dsv
[0.518s] -- Installing: /home/blueboat_slam/ros2_ws/install/robot_description/share/ament_index/resource_index/packages/robot_description
[0.518s] -- Installing: /home/blueboat_slam/ros2_ws/install/robot_description/share/robot_description/cmake/robot_descriptionConfig.cmake
[0.518s] -- Installing: /home/blueboat_slam/ros2_ws/install/robot_description/share/robot_description/cmake/robot_descriptionConfig-version.cmake
[0.518s] -- Installing: /home/blueboat_slam/ros2_ws/install/robot_description/share/robot_description/package.xml
[0.519s] Invoked command in '/home/blueboat_slam/ros2_ws/build/robot_description' returned '0': CMAKE_PREFIX_PATH=${CMAKE_PREFIX_PATH}:/opt/ros/humble /usr/bin/cmake --install /home/blueboat_slam/ros2_ws/build/robot_description
